2025-04-27 13:39:00,819 - WARNING - CropBox missing from /Page, defaulting to MediaBox
2025-04-27 13:39:00,819 - WARNING - CropBox missing from /Page, defaulting to MediaBox
2025-04-27 13:39:00,820 - WARNING - CropBox missing from /Page, defaulting to MediaBox
2025-04-27 13:39:00,820 - WARNING - CropBox missing from /Page, defaulting to MediaBox
2025-04-27 13:39:00,820 - WARNING - CropBox missing from /Page, defaulting to MediaBox
2025-04-27 13:39:00,821 - WARNING - CropBox missing from /Page, defaulting to MediaBox
2025-04-27 13:39:00,821 - WARNING - CropBox missing from /Page, defaulting to MediaBox
2025-04-27 13:39:00,827 - WARNING - CropBox missing from /Page, defaulting to MediaBox
2025-04-27 13:39:00,827 - WARNING - CropBox missing from /Page, defaulting to MediaBox
2025-04-27 13:39:00,828 - WARNING - CropBox missing from /Page, defaulting to MediaBox
2025-04-27 13:39:00,828 - WARNING - CropBox missing from /Page, defaulting to MediaBox
2025-04-27 13:39:00,829 - WARNING - CropBox missing from /Page, defaulting to MediaBox
2025-04-27 13:39:00,829 - WARNING - CropBox missing from /Page, defaulting to MediaBox
2025-04-27 13:39:00,829 - WARNING - CropBox missing from /Page, defaulting to MediaBox
2025-04-27 13:39:00,830 - WARNING - CropBox missing from /Page, defaulting to MediaBox
2025-04-27 13:39:00,830 - WARNING - CropBox missing from /Page, defaulting to MediaBox
2025-04-27 13:39:00,830 - WARNING - CropBox missing from /Page, defaulting to MediaBox
2025-04-27 13:39:00,830 - WARNING - CropBox missing from /Page, defaulting to MediaBox
2025-04-27 13:39:00,830 - WARNING - CropBox missing from /Page, defaulting to MediaBox
2025-04-27 13:39:00,830 - WARNING - CropBox missing from /Page, defaulting to MediaBox
2025-04-27 13:39:00,830 - WARNING - CropBox missing from /Page, defaulting to MediaBox
2025-04-27 13:39:00,830 - WARNING - CropBox missing from /Page, defaulting to MediaBox
2025-04-27 13:39:00,830 - WARNING - CropBox missing from /Page, defaulting to MediaBox
2025-04-27 13:39:00,831 - WARNING - CropBox missing from /Page, defaulting to MediaBox
2025-04-27 13:39:00,831 - WARNING - CropBox missing from /Page, defaulting to MediaBox
2025-04-27 13:39:00,831 - WARNING - CropBox missing from /Page, defaulting to MediaBox
2025-04-27 13:39:00,831 - WARNING - CropBox missing from /Page, defaulting to MediaBox
2025-04-27 13:39:00,831 - WARNING - CropBox missing from /Page, defaulting to MediaBox
2025-04-27 13:39:00,831 - WARNING - CropBox missing from /Page, defaulting to MediaBox
2025-04-27 13:39:00,831 - WARNING - CropBox missing from /Page, defaulting to MediaBox
2025-04-27 13:39:04,136 - INFO - Created backup of C:/Users/shr1j/Downloads/Sports_development_act_2048_eng_may_17 (1).pdf at backup_documents\Sports_development_act_2048_eng_may_17 (1).pdf
2025-04-27 13:39:04,136 - INFO - Validating PDF: C:/Users/shr1j/Downloads/Sports_development_act_2048_eng_may_17 (1).pdf
2025-04-27 13:39:04,137 - WARNING - CropBox missing from /Page, defaulting to MediaBox
2025-04-27 13:39:04,137 - WARNING - CropBox missing from /Page, defaulting to MediaBox
2025-04-27 13:39:04,138 - WARNING - CropBox missing from /Page, defaulting to MediaBox
2025-04-27 13:39:04,138 - WARNING - CropBox missing from /Page, defaulting to MediaBox
2025-04-27 13:39:04,139 - WARNING - CropBox missing from /Page, defaulting to MediaBox
2025-04-27 13:39:04,139 - WARNING - CropBox missing from /Page, defaulting to MediaBox
2025-04-27 13:39:04,140 - WARNING - CropBox missing from /Page, defaulting to MediaBox
2025-04-27 13:39:04,140 - WARNING - CropBox missing from /Page, defaulting to MediaBox
2025-04-27 13:39:04,140 - WARNING - CropBox missing from /Page, defaulting to MediaBox
2025-04-27 13:39:04,141 - WARNING - CropBox missing from /Page, defaulting to MediaBox
2025-04-27 13:39:04,141 - WARNING - CropBox missing from /Page, defaulting to MediaBox
2025-04-27 13:39:04,141 - WARNING - CropBox missing from /Page, defaulting to MediaBox
2025-04-27 13:39:04,142 - WARNING - CropBox missing from /Page, defaulting to MediaBox
2025-04-27 13:39:04,142 - WARNING - CropBox missing from /Page, defaulting to MediaBox
2025-04-27 13:39:04,142 - WARNING - CropBox missing from /Page, defaulting to MediaBox
2025-04-27 13:39:04,449 - WARNING - CropBox missing from /Page, defaulting to MediaBox
2025-04-27 13:39:04,449 - WARNING - CropBox missing from /Page, defaulting to MediaBox
2025-04-27 13:39:04,449 - WARNING - CropBox missing from /Page, defaulting to MediaBox
2025-04-27 13:39:04,449 - WARNING - CropBox missing from /Page, defaulting to MediaBox
2025-04-27 13:39:04,449 - WARNING - CropBox missing from /Page, defaulting to MediaBox
2025-04-27 13:39:04,449 - WARNING - CropBox missing from /Page, defaulting to MediaBox
2025-04-27 13:39:04,450 - WARNING - CropBox missing from /Page, defaulting to MediaBox
2025-04-27 13:39:04,450 - WARNING - CropBox missing from /Page, defaulting to MediaBox
2025-04-27 13:39:04,450 - WARNING - CropBox missing from /Page, defaulting to MediaBox
2025-04-27 13:39:04,450 - WARNING - CropBox missing from /Page, defaulting to MediaBox
2025-04-27 13:39:04,450 - WARNING - CropBox missing from /Page, defaulting to MediaBox
2025-04-27 13:39:04,450 - WARNING - CropBox missing from /Page, defaulting to MediaBox
2025-04-27 13:39:04,450 - WARNING - CropBox missing from /Page, defaulting to MediaBox
2025-04-27 13:39:04,450 - WARNING - CropBox missing from /Page, defaulting to MediaBox
2025-04-27 13:39:04,450 - WARNING - CropBox missing from /Page, defaulting to MediaBox
2025-04-27 13:39:04,450 - INFO - Starting conversion of: Sports_development_act_2048_eng_may_17 (1).pdf
2025-04-27 13:39:04,451 - WARNING - CropBox missing from /Page, defaulting to MediaBox
2025-04-27 13:39:04,452 - WARNING - CropBox missing from /Page, defaulting to MediaBox
2025-04-27 13:39:04,452 - WARNING - CropBox missing from /Page, defaulting to MediaBox
2025-04-27 13:39:04,452 - WARNING - CropBox missing from /Page, defaulting to MediaBox
2025-04-27 13:39:04,453 - WARNING - CropBox missing from /Page, defaulting to MediaBox
2025-04-27 13:39:04,453 - WARNING - CropBox missing from /Page, defaulting to MediaBox
2025-04-27 13:39:04,453 - WARNING - CropBox missing from /Page, defaulting to MediaBox
2025-04-27 13:39:04,454 - WARNING - CropBox missing from /Page, defaulting to MediaBox
2025-04-27 13:39:04,454 - WARNING - CropBox missing from /Page, defaulting to MediaBox
2025-04-27 13:39:04,454 - WARNING - CropBox missing from /Page, defaulting to MediaBox
2025-04-27 13:39:04,454 - WARNING - CropBox missing from /Page, defaulting to MediaBox
2025-04-27 13:39:04,455 - WARNING - CropBox missing from /Page, defaulting to MediaBox
2025-04-27 13:39:04,455 - WARNING - CropBox missing from /Page, defaulting to MediaBox
2025-04-27 13:39:04,456 - WARNING - CropBox missing from /Page, defaulting to MediaBox
2025-04-27 13:39:04,456 - WARNING - CropBox missing from /Page, defaulting to MediaBox
2025-04-27 13:39:04,456 - INFO - PDF has 15 pages
2025-04-27 13:39:06,753 - WARNING - CropBox missing from /Page, defaulting to MediaBox
2025-04-27 13:39:06,753 - WARNING - CropBox missing from /Page, defaulting to MediaBox
2025-04-27 13:39:06,753 - WARNING - CropBox missing from /Page, defaulting to MediaBox
2025-04-27 13:39:06,753 - WARNING - CropBox missing from /Page, defaulting to MediaBox
2025-04-27 13:39:06,753 - WARNING - CropBox missing from /Page, defaulting to MediaBox
2025-04-27 13:39:06,753 - WARNING - CropBox missing from /Page, defaulting to MediaBox
2025-04-27 13:39:06,753 - WARNING - CropBox missing from /Page, defaulting to MediaBox
2025-04-27 13:39:06,753 - WARNING - CropBox missing from /Page, defaulting to MediaBox
2025-04-27 13:39:06,753 - WARNING - CropBox missing from /Page, defaulting to MediaBox
2025-04-27 13:39:06,754 - WARNING - CropBox missing from /Page, defaulting to MediaBox
2025-04-27 13:39:06,754 - WARNING - CropBox missing from /Page, defaulting to MediaBox
2025-04-27 13:39:06,754 - WARNING - CropBox missing from /Page, defaulting to MediaBox
2025-04-27 13:39:06,754 - WARNING - CropBox missing from /Page, defaulting to MediaBox
2025-04-27 13:39:06,754 - WARNING - CropBox missing from /Page, defaulting to MediaBox
2025-04-27 13:39:06,754 - WARNING - CropBox missing from /Page, defaulting to MediaBox
2025-04-27 13:39:06,772 - INFO - Successfully converted: C:/Users/shr1j/Downloads/Sports_development_act_2048_eng_may_17 (1).pdf to C:/Users/shr1j/Downloads/Sports_development_act_2048_eng_may_17 (1)_structured.docx
2025-04-27 13:39:06,772 - INFO - Document statistics: {"pages_processed": 15, "sections_found": 28, "tables_found": 0, "total_pages": 15, "headings": {"title": 1, "subtitle": 12, "h1": 1, "h2": 0, "h3": 28, "h4": 19, "h5": 0}}
2025-04-27 13:39:07,029 - INFO - \u2713 Sports_development_act_2048_eng_may_17 (1).pdf - Converted successfully and verified
2025-04-27 13:40:03,159 - WARNING - CropBox missing from /Page, defaulting to MediaBox
2025-04-27 13:40:03,160 - WARNING - CropBox missing from /Page, defaulting to MediaBox
2025-04-27 13:40:03,161 - WARNING - CropBox missing from /Page, defaulting to MediaBox
2025-04-27 13:40:03,161 - WARNING - CropBox missing from /Page, defaulting to MediaBox
2025-04-27 13:40:03,162 - WARNING - CropBox missing from /Page, defaulting to MediaBox
2025-04-27 13:40:03,162 - WARNING - CropBox missing from /Page, defaulting to MediaBox
2025-04-27 13:40:03,163 - WARNING - CropBox missing from /Page, defaulting to MediaBox
2025-04-27 13:40:03,163 - WARNING - CropBox missing from /Page, defaulting to MediaBox
2025-04-27 13:40:03,164 - WARNING - CropBox missing from /Page, defaulting to MediaBox
2025-04-27 13:40:03,165 - WARNING - CropBox missing from /Page, defaulting to MediaBox
2025-04-27 13:40:03,165 - WARNING - CropBox missing from /Page, defaulting to MediaBox
2025-04-27 13:40:03,166 - WARNING - CropBox missing from /Page, defaulting to MediaBox
2025-04-27 13:40:03,166 - WARNING - CropBox missing from /Page, defaulting to MediaBox
2025-04-27 13:40:03,167 - WARNING - CropBox missing from /Page, defaulting to MediaBox
2025-04-27 13:40:03,167 - WARNING - CropBox missing from /Page, defaulting to MediaBox
2025-04-27 13:40:03,168 - WARNING - CropBox missing from /Page, defaulting to MediaBox
2025-04-27 13:40:03,168 - WARNING - CropBox missing from /Page, defaulting to MediaBox
2025-04-27 13:40:03,169 - WARNING - CropBox missing from /Page, defaulting to MediaBox
2025-04-27 13:40:03,170 - WARNING - CropBox missing from /Page, defaulting to MediaBox
2025-04-27 13:40:03,170 - WARNING - CropBox missing from /Page, defaulting to MediaBox
2025-04-27 13:40:03,171 - WARNING - CropBox missing from /Page, defaulting to MediaBox
2025-04-27 13:40:03,171 - WARNING - CropBox missing from /Page, defaulting to MediaBox
2025-04-27 13:40:03,172 - WARNING - CropBox missing from /Page, defaulting to MediaBox
2025-04-27 13:40:03,172 - WARNING - CropBox missing from /Page, defaulting to MediaBox
2025-04-27 13:40:03,173 - WARNING - CropBox missing from /Page, defaulting to MediaBox
2025-04-27 13:40:03,173 - WARNING - CropBox missing from /Page, defaulting to MediaBox
2025-04-27 13:40:03,174 - WARNING - CropBox missing from /Page, defaulting to MediaBox
2025-04-27 13:40:03,174 - WARNING - CropBox missing from /Page, defaulting to MediaBox
2025-04-27 13:40:03,175 - WARNING - CropBox missing from /Page, defaulting to MediaBox
2025-04-27 13:40:03,176 - WARNING - CropBox missing from /Page, defaulting to MediaBox
2025-04-27 13:40:03,176 - WARNING - CropBox missing from /Page, defaulting to MediaBox
2025-04-27 13:40:03,177 - WARNING - CropBox missing from /Page, defaulting to MediaBox
2025-04-27 13:40:03,178 - WARNING - CropBox missing from /Page, defaulting to MediaBox
2025-04-27 13:40:03,179 - WARNING - CropBox missing from /Page, defaulting to MediaBox
2025-04-27 13:40:03,179 - WARNING - CropBox missing from /Page, defaulting to MediaBox
2025-04-27 13:40:03,180 - WARNING - CropBox missing from /Page, defaulting to MediaBox
2025-04-27 13:40:03,180 - WARNING - CropBox missing from /Page, defaulting to MediaBox
2025-04-27 13:40:03,181 - WARNING - CropBox missing from /Page, defaulting to MediaBox
2025-04-27 13:40:03,181 - WARNING - CropBox missing from /Page, defaulting to MediaBox
2025-04-27 13:40:03,182 - WARNING - CropBox missing from /Page, defaulting to MediaBox
2025-04-27 13:40:03,182 - WARNING - CropBox missing from /Page, defaulting to MediaBox
2025-04-27 13:40:03,183 - WARNING - CropBox missing from /Page, defaulting to MediaBox
2025-04-27 13:40:03,183 - WARNING - CropBox missing from /Page, defaulting to MediaBox
2025-04-27 13:40:03,184 - WARNING - CropBox missing from /Page, defaulting to MediaBox
2025-04-27 13:40:03,184 - WARNING - CropBox missing from /Page, defaulting to MediaBox
2025-04-27 13:40:03,185 - WARNING - CropBox missing from /Page, defaulting to MediaBox
2025-04-27 13:40:03,185 - WARNING - CropBox missing from /Page, defaulting to MediaBox
2025-04-27 13:40:03,186 - WARNING - CropBox missing from /Page, defaulting to MediaBox
2025-04-27 13:40:03,186 - WARNING - CropBox missing from /Page, defaulting to MediaBox
2025-04-27 13:40:03,187 - WARNING - CropBox missing from /Page, defaulting to MediaBox
2025-04-27 13:40:03,187 - WARNING - CropBox missing from /Page, defaulting to MediaBox
2025-04-27 13:40:03,188 - WARNING - CropBox missing from /Page, defaulting to MediaBox
2025-04-27 13:40:03,188 - WARNING - CropBox missing from /Page, defaulting to MediaBox
2025-04-27 13:40:03,189 - WARNING - CropBox missing from /Page, defaulting to MediaBox
2025-04-27 13:40:03,189 - WARNING - CropBox missing from /Page, defaulting to MediaBox
2025-04-27 13:40:03,190 - WARNING - CropBox missing from /Page, defaulting to MediaBox
2025-04-27 13:40:03,190 - WARNING - CropBox missing from /Page, defaulting to MediaBox
2025-04-27 13:40:03,191 - WARNING - CropBox missing from /Page, defaulting to MediaBox
2025-04-27 13:40:03,191 - WARNING - CropBox missing from /Page, defaulting to MediaBox
2025-04-27 13:40:03,192 - WARNING - CropBox missing from /Page, defaulting to MediaBox
2025-04-27 13:40:03,193 - WARNING - CropBox missing from /Page, defaulting to MediaBox
2025-04-27 13:40:03,193 - WARNING - CropBox missing from /Page, defaulting to MediaBox
2025-04-27 13:40:03,194 - WARNING - CropBox missing from /Page, defaulting to MediaBox
2025-04-27 13:40:03,194 - WARNING - CropBox missing from /Page, defaulting to MediaBox
2025-04-27 13:40:03,195 - WARNING - CropBox missing from /Page, defaulting to MediaBox
2025-04-27 13:40:03,195 - WARNING - CropBox missing from /Page, defaulting to MediaBox
2025-04-27 13:40:03,196 - WARNING - CropBox missing from /Page, defaulting to MediaBox
2025-04-27 13:40:03,196 - WARNING - CropBox missing from /Page, defaulting to MediaBox
2025-04-27 13:40:03,197 - WARNING - CropBox missing from /Page, defaulting to MediaBox
2025-04-27 13:40:03,197 - WARNING - CropBox missing from /Page, defaulting to MediaBox
2025-04-27 13:40:03,198 - WARNING - CropBox missing from /Page, defaulting to MediaBox
2025-04-27 13:40:03,198 - WARNING - CropBox missing from /Page, defaulting to MediaBox
2025-04-27 13:40:03,199 - WARNING - CropBox missing from /Page, defaulting to MediaBox
2025-04-27 13:40:03,199 - WARNING - CropBox missing from /Page, defaulting to MediaBox
2025-04-27 13:40:03,200 - WARNING - CropBox missing from /Page, defaulting to MediaBox
2025-04-27 13:40:03,200 - WARNING - CropBox missing from /Page, defaulting to MediaBox
2025-04-27 13:40:03,201 - WARNING - CropBox missing from /Page, defaulting to MediaBox
2025-04-27 13:40:03,201 - WARNING - CropBox missing from /Page, defaulting to MediaBox
2025-04-27 13:40:03,202 - WARNING - CropBox missing from /Page, defaulting to MediaBox
2025-04-27 13:40:03,202 - WARNING - CropBox missing from /Page, defaulting to MediaBox
2025-04-27 13:40:03,203 - WARNING - CropBox missing from /Page, defaulting to MediaBox
2025-04-27 13:40:03,204 - WARNING - CropBox missing from /Page, defaulting to MediaBox
2025-04-27 13:40:03,204 - WARNING - CropBox missing from /Page, defaulting to MediaBox
2025-04-27 13:40:03,205 - WARNING - CropBox missing from /Page, defaulting to MediaBox
2025-04-27 13:40:03,205 - WARNING - CropBox missing from /Page, defaulting to MediaBox
2025-04-27 13:40:03,206 - WARNING - CropBox missing from /Page, defaulting to MediaBox
2025-04-27 13:40:03,206 - WARNING - CropBox missing from /Page, defaulting to MediaBox
2025-04-27 13:40:03,207 - WARNING - CropBox missing from /Page, defaulting to MediaBox
2025-04-27 13:40:03,207 - WARNING - CropBox missing from /Page, defaulting to MediaBox
2025-04-27 13:40:03,208 - WARNING - CropBox missing from /Page, defaulting to MediaBox
2025-04-27 13:40:03,208 - WARNING - CropBox missing from /Page, defaulting to MediaBox
2025-04-27 13:40:03,209 - WARNING - CropBox missing from /Page, defaulting to MediaBox
2025-04-27 13:40:03,209 - WARNING - CropBox missing from /Page, defaulting to MediaBox
2025-04-27 13:40:03,210 - WARNING - CropBox missing from /Page, defaulting to MediaBox
2025-04-27 13:40:03,211 - WARNING - CropBox missing from /Page, defaulting to MediaBox
2025-04-27 13:40:03,211 - WARNING - CropBox missing from /Page, defaulting to MediaBox
2025-04-27 13:40:03,212 - WARNING - CropBox missing from /Page, defaulting to MediaBox
2025-04-27 13:40:03,212 - WARNING - CropBox missing from /Page, defaulting to MediaBox
2025-04-27 13:40:03,213 - WARNING - CropBox missing from /Page, defaulting to MediaBox
2025-04-27 13:40:03,213 - WARNING - CropBox missing from /Page, defaulting to MediaBox
2025-04-27 13:40:03,214 - WARNING - CropBox missing from /Page, defaulting to MediaBox
2025-04-27 13:40:03,214 - WARNING - CropBox missing from /Page, defaulting to MediaBox
2025-04-27 13:40:03,215 - WARNING - CropBox missing from /Page, defaulting to MediaBox
2025-04-27 13:40:03,215 - WARNING - CropBox missing from /Page, defaulting to MediaBox
2025-04-27 13:40:03,216 - WARNING - CropBox missing from /Page, defaulting to MediaBox
2025-04-27 13:40:03,216 - WARNING - CropBox missing from /Page, defaulting to MediaBox
2025-04-27 13:40:03,217 - WARNING - CropBox missing from /Page, defaulting to MediaBox
2025-04-27 13:40:03,217 - WARNING - CropBox missing from /Page, defaulting to MediaBox
2025-04-27 13:40:03,218 - WARNING - CropBox missing from /Page, defaulting to MediaBox
2025-04-27 13:40:03,218 - WARNING - CropBox missing from /Page, defaulting to MediaBox
2025-04-27 13:40:03,219 - WARNING - CropBox missing from /Page, defaulting to MediaBox
2025-04-27 13:40:03,220 - WARNING - CropBox missing from /Page, defaulting to MediaBox
2025-04-27 13:40:03,220 - WARNING - CropBox missing from /Page, defaulting to MediaBox
2025-04-27 13:40:03,221 - WARNING - CropBox missing from /Page, defaulting to MediaBox
2025-04-27 13:40:03,221 - WARNING - CropBox missing from /Page, defaulting to MediaBox
2025-04-27 13:40:03,222 - WARNING - CropBox missing from /Page, defaulting to MediaBox
2025-04-27 13:40:03,222 - WARNING - CropBox missing from /Page, defaulting to MediaBox
2025-04-27 13:40:03,223 - WARNING - CropBox missing from /Page, defaulting to MediaBox
2025-04-27 13:40:03,223 - WARNING - CropBox missing from /Page, defaulting to MediaBox
2025-04-27 13:40:03,224 - WARNING - CropBox missing from /Page, defaulting to MediaBox
2025-04-27 13:40:03,224 - WARNING - CropBox missing from /Page, defaulting to MediaBox
2025-04-27 13:40:03,225 - WARNING - CropBox missing from /Page, defaulting to MediaBox
2025-04-27 13:40:03,225 - WARNING - CropBox missing from /Page, defaulting to MediaBox
2025-04-27 13:40:03,226 - WARNING - CropBox missing from /Page, defaulting to MediaBox
2025-04-27 13:40:03,227 - WARNING - CropBox missing from /Page, defaulting to MediaBox
2025-04-27 13:40:03,227 - WARNING - CropBox missing from /Page, defaulting to MediaBox
2025-04-27 13:40:03,227 - WARNING - CropBox missing from /Page, defaulting to MediaBox
2025-04-27 13:40:03,227 - WARNING - CropBox missing from /Page, defaulting to MediaBox
2025-04-27 13:40:03,227 - WARNING - CropBox missing from /Page, defaulting to MediaBox
2025-04-27 13:40:03,227 - WARNING - CropBox missing from /Page, defaulting to MediaBox
2025-04-27 13:40:03,227 - WARNING - CropBox missing from /Page, defaulting to MediaBox
2025-04-27 13:40:03,227 - WARNING - CropBox missing from /Page, defaulting to MediaBox
2025-04-27 13:40:03,227 - WARNING - CropBox missing from /Page, defaulting to MediaBox
2025-04-27 13:40:03,227 - WARNING - CropBox missing from /Page, defaulting to MediaBox
2025-04-27 13:40:03,227 - WARNING - CropBox missing from /Page, defaulting to MediaBox
2025-04-27 13:40:03,228 - WARNING - CropBox missing from /Page, defaulting to MediaBox
2025-04-27 13:40:03,228 - WARNING - CropBox missing from /Page, defaulting to MediaBox
2025-04-27 13:40:03,228 - WARNING - CropBox missing from /Page, defaulting to MediaBox
2025-04-27 13:40:03,228 - WARNING - CropBox missing from /Page, defaulting to MediaBox
2025-04-27 13:40:03,228 - WARNING - CropBox missing from /Page, defaulting to MediaBox
2025-04-27 13:40:03,228 - WARNING - CropBox missing from /Page, defaulting to MediaBox
2025-04-27 13:40:03,228 - WARNING - CropBox missing from /Page, defaulting to MediaBox
2025-04-27 13:40:03,228 - WARNING - CropBox missing from /Page, defaulting to MediaBox
2025-04-27 13:40:03,228 - WARNING - CropBox missing from /Page, defaulting to MediaBox
2025-04-27 13:40:03,228 - WARNING - CropBox missing from /Page, defaulting to MediaBox
2025-04-27 13:40:03,228 - WARNING - CropBox missing from /Page, defaulting to MediaBox
2025-04-27 13:40:03,228 - WARNING - CropBox missing from /Page, defaulting to MediaBox
2025-04-27 13:40:03,228 - WARNING - CropBox missing from /Page, defaulting to MediaBox
2025-04-27 13:40:03,228 - WARNING - CropBox missing from /Page, defaulting to MediaBox
2025-04-27 13:40:03,228 - WARNING - CropBox missing from /Page, defaulting to MediaBox
2025-04-27 13:40:03,229 - WARNING - CropBox missing from /Page, defaulting to MediaBox
2025-04-27 13:40:03,229 - WARNING - CropBox missing from /Page, defaulting to MediaBox
2025-04-27 13:40:03,229 - WARNING - CropBox missing from /Page, defaulting to MediaBox
2025-04-27 13:40:03,229 - WARNING - CropBox missing from /Page, defaulting to MediaBox
2025-04-27 13:40:03,229 - WARNING - CropBox missing from /Page, defaulting to MediaBox
2025-04-27 13:40:03,229 - WARNING - CropBox missing from /Page, defaulting to MediaBox
2025-04-27 13:40:03,229 - WARNING - CropBox missing from /Page, defaulting to MediaBox
2025-04-27 13:40:03,229 - WARNING - CropBox missing from /Page, defaulting to MediaBox
2025-04-27 13:40:03,229 - WARNING - CropBox missing from /Page, defaulting to MediaBox
2025-04-27 13:40:03,229 - WARNING - CropBox missing from /Page, defaulting to MediaBox
2025-04-27 13:40:03,229 - WARNING - CropBox missing from /Page, defaulting to MediaBox
2025-04-27 13:40:03,229 - WARNING - CropBox missing from /Page, defaulting to MediaBox
2025-04-27 13:40:03,229 - WARNING - CropBox missing from /Page, defaulting to MediaBox
2025-04-27 13:40:03,229 - WARNING - CropBox missing from /Page, defaulting to MediaBox
2025-04-27 13:40:03,229 - WARNING - CropBox missing from /Page, defaulting to MediaBox
2025-04-27 13:40:03,230 - WARNING - CropBox missing from /Page, defaulting to MediaBox
2025-04-27 13:40:03,230 - WARNING - CropBox missing from /Page, defaulting to MediaBox
2025-04-27 13:40:03,230 - WARNING - CropBox missing from /Page, defaulting to MediaBox
2025-04-27 13:40:03,230 - WARNING - CropBox missing from /Page, defaulting to MediaBox
2025-04-27 13:40:03,230 - WARNING - CropBox missing from /Page, defaulting to MediaBox
2025-04-27 13:40:03,230 - WARNING - CropBox missing from /Page, defaulting to MediaBox
2025-04-27 13:40:03,230 - WARNING - CropBox missing from /Page, defaulting to MediaBox
2025-04-27 13:40:03,230 - WARNING - CropBox missing from /Page, defaulting to MediaBox
2025-04-27 13:40:03,230 - WARNING - CropBox missing from /Page, defaulting to MediaBox
2025-04-27 13:40:03,230 - WARNING - CropBox missing from /Page, defaulting to MediaBox
2025-04-27 13:40:03,230 - WARNING - CropBox missing from /Page, defaulting to MediaBox
2025-04-27 13:40:03,230 - WARNING - CropBox missing from /Page, defaulting to MediaBox
2025-04-27 13:40:03,230 - WARNING - CropBox missing from /Page, defaulting to MediaBox
2025-04-27 13:40:03,230 - WARNING - CropBox missing from /Page, defaulting to MediaBox
2025-04-27 13:40:03,230 - WARNING - CropBox missing from /Page, defaulting to MediaBox
2025-04-27 13:40:03,231 - WARNING - CropBox missing from /Page, defaulting to MediaBox
2025-04-27 13:40:03,231 - WARNING - CropBox missing from /Page, defaulting to MediaBox
2025-04-27 13:40:03,231 - WARNING - CropBox missing from /Page, defaulting to MediaBox
2025-04-27 13:40:03,231 - WARNING - CropBox missing from /Page, defaulting to MediaBox
2025-04-27 13:40:03,231 - WARNING - CropBox missing from /Page, defaulting to MediaBox
2025-04-27 13:40:03,231 - WARNING - CropBox missing from /Page, defaulting to MediaBox
2025-04-27 13:40:03,231 - WARNING - CropBox missing from /Page, defaulting to MediaBox
2025-04-27 13:40:03,231 - WARNING - CropBox missing from /Page, defaulting to MediaBox
2025-04-27 13:40:03,231 - WARNING - CropBox missing from /Page, defaulting to MediaBox
2025-04-27 13:40:03,231 - WARNING - CropBox missing from /Page, defaulting to MediaBox
2025-04-27 13:40:03,231 - WARNING - CropBox missing from /Page, defaulting to MediaBox
2025-04-27 13:40:03,231 - WARNING - CropBox missing from /Page, defaulting to MediaBox
2025-04-27 13:40:03,231 - WARNING - CropBox missing from /Page, defaulting to MediaBox
2025-04-27 13:40:03,231 - WARNING - CropBox missing from /Page, defaulting to MediaBox
2025-04-27 13:40:03,231 - WARNING - CropBox missing from /Page, defaulting to MediaBox
2025-04-27 13:40:03,232 - WARNING - CropBox missing from /Page, defaulting to MediaBox
2025-04-27 13:40:03,232 - WARNING - CropBox missing from /Page, defaulting to MediaBox
2025-04-27 13:40:03,232 - WARNING - CropBox missing from /Page, defaulting to MediaBox
2025-04-27 13:40:03,232 - WARNING - CropBox missing from /Page, defaulting to MediaBox
2025-04-27 13:40:03,232 - WARNING - CropBox missing from /Page, defaulting to MediaBox
2025-04-27 13:40:03,232 - WARNING - CropBox missing from /Page, defaulting to MediaBox
2025-04-27 13:40:03,232 - WARNING - CropBox missing from /Page, defaulting to MediaBox
2025-04-27 13:40:03,232 - WARNING - CropBox missing from /Page, defaulting to MediaBox
2025-04-27 13:40:03,232 - WARNING - CropBox missing from /Page, defaulting to MediaBox
2025-04-27 13:40:03,232 - WARNING - CropBox missing from /Page, defaulting to MediaBox
2025-04-27 13:40:03,232 - WARNING - CropBox missing from /Page, defaulting to MediaBox
2025-04-27 13:40:03,232 - WARNING - CropBox missing from /Page, defaulting to MediaBox
2025-04-27 13:40:03,232 - WARNING - CropBox missing from /Page, defaulting to MediaBox
2025-04-27 13:40:03,232 - WARNING - CropBox missing from /Page, defaulting to MediaBox
2025-04-27 13:40:03,232 - WARNING - CropBox missing from /Page, defaulting to MediaBox
2025-04-27 13:40:03,233 - WARNING - CropBox missing from /Page, defaulting to MediaBox
2025-04-27 13:40:03,233 - WARNING - CropBox missing from /Page, defaulting to MediaBox
2025-04-27 13:40:03,233 - WARNING - CropBox missing from /Page, defaulting to MediaBox
2025-04-27 13:40:03,233 - WARNING - CropBox missing from /Page, defaulting to MediaBox
2025-04-27 13:40:03,233 - WARNING - CropBox missing from /Page, defaulting to MediaBox
2025-04-27 13:40:03,233 - WARNING - CropBox missing from /Page, defaulting to MediaBox
2025-04-27 13:40:03,233 - WARNING - CropBox missing from /Page, defaulting to MediaBox
2025-04-27 13:40:03,233 - WARNING - CropBox missing from /Page, defaulting to MediaBox
2025-04-27 13:40:03,233 - WARNING - CropBox missing from /Page, defaulting to MediaBox
2025-04-27 13:40:03,233 - WARNING - CropBox missing from /Page, defaulting to MediaBox
2025-04-27 13:40:03,233 - WARNING - CropBox missing from /Page, defaulting to MediaBox
2025-04-27 13:40:03,233 - WARNING - CropBox missing from /Page, defaulting to MediaBox
2025-04-27 13:40:03,233 - WARNING - CropBox missing from /Page, defaulting to MediaBox
2025-04-27 13:40:03,233 - WARNING - CropBox missing from /Page, defaulting to MediaBox
2025-04-27 13:40:03,233 - WARNING - CropBox missing from /Page, defaulting to MediaBox
2025-04-27 13:40:03,234 - WARNING - CropBox missing from /Page, defaulting to MediaBox
2025-04-27 13:40:03,234 - WARNING - CropBox missing from /Page, defaulting to MediaBox
2025-04-27 13:40:03,234 - WARNING - CropBox missing from /Page, defaulting to MediaBox
2025-04-27 13:40:03,234 - WARNING - CropBox missing from /Page, defaulting to MediaBox
2025-04-27 13:40:03,234 - WARNING - CropBox missing from /Page, defaulting to MediaBox
2025-04-27 13:40:03,234 - WARNING - CropBox missing from /Page, defaulting to MediaBox
2025-04-27 13:40:03,234 - WARNING - CropBox missing from /Page, defaulting to MediaBox
2025-04-27 13:40:03,234 - WARNING - CropBox missing from /Page, defaulting to MediaBox
2025-04-27 13:40:03,234 - WARNING - CropBox missing from /Page, defaulting to MediaBox
2025-04-27 13:40:03,234 - WARNING - CropBox missing from /Page, defaulting to MediaBox
2025-04-27 13:40:03,234 - WARNING - CropBox missing from /Page, defaulting to MediaBox
2025-04-27 13:40:03,234 - WARNING - CropBox missing from /Page, defaulting to MediaBox
2025-04-27 13:40:03,235 - WARNING - CropBox missing from /Page, defaulting to MediaBox
2025-04-27 13:40:03,235 - WARNING - CropBox missing from /Page, defaulting to MediaBox
2025-04-27 13:40:03,235 - WARNING - CropBox missing from /Page, defaulting to MediaBox
2025-04-27 13:40:03,235 - WARNING - CropBox missing from /Page, defaulting to MediaBox
2025-04-27 13:40:03,235 - WARNING - CropBox missing from /Page, defaulting to MediaBox
2025-04-27 13:40:03,235 - WARNING - CropBox missing from /Page, defaulting to MediaBox
2025-04-27 13:40:03,235 - WARNING - CropBox missing from /Page, defaulting to MediaBox
2025-04-27 13:40:03,235 - WARNING - CropBox missing from /Page, defaulting to MediaBox
2025-04-27 13:40:03,235 - WARNING - CropBox missing from /Page, defaulting to MediaBox
2025-04-27 13:40:03,235 - WARNING - CropBox missing from /Page, defaulting to MediaBox
2025-04-27 13:40:03,235 - WARNING - CropBox missing from /Page, defaulting to MediaBox
2025-04-27 13:40:03,235 - WARNING - CropBox missing from /Page, defaulting to MediaBox
2025-04-27 13:40:03,235 - WARNING - CropBox missing from /Page, defaulting to MediaBox
2025-04-27 13:40:05,705 - INFO - Created backup of C:/Users/shr1j/Downloads/Excise Duty Act, 2058 (2002).pdf at backup_documents\Excise Duty Act, 2058 (2002).pdf
2025-04-27 13:40:05,705 - INFO - Validating PDF: C:/Users/shr1j/Downloads/Excise Duty Act, 2058 (2002).pdf
2025-04-27 13:40:05,730 - WARNING - CropBox missing from /Page, defaulting to MediaBox
2025-04-27 13:40:05,730 - WARNING - CropBox missing from /Page, defaulting to MediaBox
2025-04-27 13:40:05,731 - WARNING - CropBox missing from /Page, defaulting to MediaBox
2025-04-27 13:40:05,731 - WARNING - CropBox missing from /Page, defaulting to MediaBox
2025-04-27 13:40:05,732 - WARNING - CropBox missing from /Page, defaulting to MediaBox
2025-04-27 13:40:05,732 - WARNING - CropBox missing from /Page, defaulting to MediaBox
2025-04-27 13:40:05,732 - WARNING - CropBox missing from /Page, defaulting to MediaBox
2025-04-27 13:40:05,733 - WARNING - CropBox missing from /Page, defaulting to MediaBox
2025-04-27 13:40:05,734 - WARNING - CropBox missing from /Page, defaulting to MediaBox
2025-04-27 13:40:05,734 - WARNING - CropBox missing from /Page, defaulting to MediaBox
2025-04-27 13:40:05,734 - WARNING - CropBox missing from /Page, defaulting to MediaBox
2025-04-27 13:40:05,735 - WARNING - CropBox missing from /Page, defaulting to MediaBox
2025-04-27 13:40:05,735 - WARNING - CropBox missing from /Page, defaulting to MediaBox
2025-04-27 13:40:05,736 - WARNING - CropBox missing from /Page, defaulting to MediaBox
2025-04-27 13:40:05,736 - WARNING - CropBox missing from /Page, defaulting to MediaBox
2025-04-27 13:40:05,737 - WARNING - CropBox missing from /Page, defaulting to MediaBox
2025-04-27 13:40:05,737 - WARNING - CropBox missing from /Page, defaulting to MediaBox
2025-04-27 13:40:05,738 - WARNING - CropBox missing from /Page, defaulting to MediaBox
2025-04-27 13:40:05,738 - WARNING - CropBox missing from /Page, defaulting to MediaBox
2025-04-27 13:40:05,739 - WARNING - CropBox missing from /Page, defaulting to MediaBox
2025-04-27 13:40:05,739 - WARNING - CropBox missing from /Page, defaulting to MediaBox
2025-04-27 13:40:05,740 - WARNING - CropBox missing from /Page, defaulting to MediaBox
2025-04-27 13:40:05,740 - WARNING - CropBox missing from /Page, defaulting to MediaBox
2025-04-27 13:40:05,741 - WARNING - CropBox missing from /Page, defaulting to MediaBox
2025-04-27 13:40:05,741 - WARNING - CropBox missing from /Page, defaulting to MediaBox
2025-04-27 13:40:05,741 - WARNING - CropBox missing from /Page, defaulting to MediaBox
2025-04-27 13:40:05,742 - WARNING - CropBox missing from /Page, defaulting to MediaBox
2025-04-27 13:40:05,742 - WARNING - CropBox missing from /Page, defaulting to MediaBox
2025-04-27 13:40:05,743 - WARNING - CropBox missing from /Page, defaulting to MediaBox
2025-04-27 13:40:05,743 - WARNING - CropBox missing from /Page, defaulting to MediaBox
2025-04-27 13:40:05,744 - WARNING - CropBox missing from /Page, defaulting to MediaBox
2025-04-27 13:40:05,744 - WARNING - CropBox missing from /Page, defaulting to MediaBox
2025-04-27 13:40:05,745 - WARNING - CropBox missing from /Page, defaulting to MediaBox
2025-04-27 13:40:05,745 - WARNING - CropBox missing from /Page, defaulting to MediaBox
2025-04-27 13:40:05,745 - WARNING - CropBox missing from /Page, defaulting to MediaBox
2025-04-27 13:40:05,746 - WARNING - CropBox missing from /Page, defaulting to MediaBox
2025-04-27 13:40:05,747 - WARNING - CropBox missing from /Page, defaulting to MediaBox
2025-04-27 13:40:05,747 - WARNING - CropBox missing from /Page, defaulting to MediaBox
2025-04-27 13:40:05,747 - WARNING - CropBox missing from /Page, defaulting to MediaBox
2025-04-27 13:40:05,748 - WARNING - CropBox missing from /Page, defaulting to MediaBox
2025-04-27 13:40:05,748 - WARNING - CropBox missing from /Page, defaulting to MediaBox
2025-04-27 13:40:05,748 - WARNING - CropBox missing from /Page, defaulting to MediaBox
2025-04-27 13:40:05,749 - WARNING - CropBox missing from /Page, defaulting to MediaBox
2025-04-27 13:40:05,749 - WARNING - CropBox missing from /Page, defaulting to MediaBox
2025-04-27 13:40:05,750 - WARNING - CropBox missing from /Page, defaulting to MediaBox
2025-04-27 13:40:05,750 - WARNING - CropBox missing from /Page, defaulting to MediaBox
2025-04-27 13:40:05,750 - WARNING - CropBox missing from /Page, defaulting to MediaBox
2025-04-27 13:40:05,751 - WARNING - CropBox missing from /Page, defaulting to MediaBox
2025-04-27 13:40:05,751 - WARNING - CropBox missing from /Page, defaulting to MediaBox
2025-04-27 13:40:05,752 - WARNING - CropBox missing from /Page, defaulting to MediaBox
2025-04-27 13:40:05,752 - WARNING - CropBox missing from /Page, defaulting to MediaBox
2025-04-27 13:40:05,753 - WARNING - CropBox missing from /Page, defaulting to MediaBox
2025-04-27 13:40:05,753 - WARNING - CropBox missing from /Page, defaulting to MediaBox
2025-04-27 13:40:05,754 - WARNING - CropBox missing from /Page, defaulting to MediaBox
2025-04-27 13:40:05,754 - WARNING - CropBox missing from /Page, defaulting to MediaBox
2025-04-27 13:40:05,754 - WARNING - CropBox missing from /Page, defaulting to MediaBox
2025-04-27 13:40:05,755 - WARNING - CropBox missing from /Page, defaulting to MediaBox
2025-04-27 13:40:05,755 - WARNING - CropBox missing from /Page, defaulting to MediaBox
2025-04-27 13:40:05,756 - WARNING - CropBox missing from /Page, defaulting to MediaBox
2025-04-27 13:40:05,756 - WARNING - CropBox missing from /Page, defaulting to MediaBox
2025-04-27 13:40:05,757 - WARNING - CropBox missing from /Page, defaulting to MediaBox
2025-04-27 13:40:05,757 - WARNING - CropBox missing from /Page, defaulting to MediaBox
2025-04-27 13:40:05,758 - WARNING - CropBox missing from /Page, defaulting to MediaBox
2025-04-27 13:40:05,758 - WARNING - CropBox missing from /Page, defaulting to MediaBox
2025-04-27 13:40:05,759 - WARNING - CropBox missing from /Page, defaulting to MediaBox
2025-04-27 13:40:05,759 - WARNING - CropBox missing from /Page, defaulting to MediaBox
2025-04-27 13:40:05,760 - WARNING - CropBox missing from /Page, defaulting to MediaBox
2025-04-27 13:40:05,760 - WARNING - CropBox missing from /Page, defaulting to MediaBox
2025-04-27 13:40:05,760 - WARNING - CropBox missing from /Page, defaulting to MediaBox
2025-04-27 13:40:05,761 - WARNING - CropBox missing from /Page, defaulting to MediaBox
2025-04-27 13:40:05,761 - WARNING - CropBox missing from /Page, defaulting to MediaBox
2025-04-27 13:40:05,762 - WARNING - CropBox missing from /Page, defaulting to MediaBox
2025-04-27 13:40:05,762 - WARNING - CropBox missing from /Page, defaulting to MediaBox
2025-04-27 13:40:05,763 - WARNING - CropBox missing from /Page, defaulting to MediaBox
2025-04-27 13:40:05,763 - WARNING - CropBox missing from /Page, defaulting to MediaBox
2025-04-27 13:40:05,764 - WARNING - CropBox missing from /Page, defaulting to MediaBox
2025-04-27 13:40:05,764 - WARNING - CropBox missing from /Page, defaulting to MediaBox
2025-04-27 13:40:05,764 - WARNING - CropBox missing from /Page, defaulting to MediaBox
2025-04-27 13:40:05,765 - WARNING - CropBox missing from /Page, defaulting to MediaBox
2025-04-27 13:40:05,765 - WARNING - CropBox missing from /Page, defaulting to MediaBox
2025-04-27 13:40:05,766 - WARNING - CropBox missing from /Page, defaulting to MediaBox
2025-04-27 13:40:05,766 - WARNING - CropBox missing from /Page, defaulting to MediaBox
2025-04-27 13:40:05,767 - WARNING - CropBox missing from /Page, defaulting to MediaBox
2025-04-27 13:40:05,767 - WARNING - CropBox missing from /Page, defaulting to MediaBox
2025-04-27 13:40:05,768 - WARNING - CropBox missing from /Page, defaulting to MediaBox
2025-04-27 13:40:05,768 - WARNING - CropBox missing from /Page, defaulting to MediaBox
2025-04-27 13:40:05,768 - WARNING - CropBox missing from /Page, defaulting to MediaBox
2025-04-27 13:40:05,769 - WARNING - CropBox missing from /Page, defaulting to MediaBox
2025-04-27 13:40:05,769 - WARNING - CropBox missing from /Page, defaulting to MediaBox
2025-04-27 13:40:05,770 - WARNING - CropBox missing from /Page, defaulting to MediaBox
2025-04-27 13:40:05,770 - WARNING - CropBox missing from /Page, defaulting to MediaBox
2025-04-27 13:40:05,771 - WARNING - CropBox missing from /Page, defaulting to MediaBox
2025-04-27 13:40:05,771 - WARNING - CropBox missing from /Page, defaulting to MediaBox
2025-04-27 13:40:05,772 - WARNING - CropBox missing from /Page, defaulting to MediaBox
2025-04-27 13:40:05,772 - WARNING - CropBox missing from /Page, defaulting to MediaBox
2025-04-27 13:40:05,773 - WARNING - CropBox missing from /Page, defaulting to MediaBox
2025-04-27 13:40:05,773 - WARNING - CropBox missing from /Page, defaulting to MediaBox
2025-04-27 13:40:05,774 - WARNING - CropBox missing from /Page, defaulting to MediaBox
2025-04-27 13:40:05,774 - WARNING - CropBox missing from /Page, defaulting to MediaBox
2025-04-27 13:40:05,775 - WARNING - CropBox missing from /Page, defaulting to MediaBox
2025-04-27 13:40:05,775 - WARNING - CropBox missing from /Page, defaulting to MediaBox
2025-04-27 13:40:05,776 - WARNING - CropBox missing from /Page, defaulting to MediaBox
2025-04-27 13:40:05,776 - WARNING - CropBox missing from /Page, defaulting to MediaBox
2025-04-27 13:40:05,776 - WARNING - CropBox missing from /Page, defaulting to MediaBox
2025-04-27 13:40:05,777 - WARNING - CropBox missing from /Page, defaulting to MediaBox
2025-04-27 13:40:05,777 - WARNING - CropBox missing from /Page, defaulting to MediaBox
2025-04-27 13:40:05,778 - WARNING - CropBox missing from /Page, defaulting to MediaBox
2025-04-27 13:40:05,778 - WARNING - CropBox missing from /Page, defaulting to MediaBox
2025-04-27 13:40:05,779 - WARNING - CropBox missing from /Page, defaulting to MediaBox
2025-04-27 13:40:05,779 - WARNING - CropBox missing from /Page, defaulting to MediaBox
2025-04-27 13:40:05,780 - WARNING - CropBox missing from /Page, defaulting to MediaBox
2025-04-27 13:40:05,780 - WARNING - CropBox missing from /Page, defaulting to MediaBox
2025-04-27 13:40:05,781 - WARNING - CropBox missing from /Page, defaulting to MediaBox
2025-04-27 13:40:05,781 - WARNING - CropBox missing from /Page, defaulting to MediaBox
2025-04-27 13:40:05,782 - WARNING - CropBox missing from /Page, defaulting to MediaBox
2025-04-27 13:40:05,782 - WARNING - CropBox missing from /Page, defaulting to MediaBox
2025-04-27 13:40:05,782 - WARNING - CropBox missing from /Page, defaulting to MediaBox
2025-04-27 13:40:05,783 - WARNING - CropBox missing from /Page, defaulting to MediaBox
2025-04-27 13:40:05,783 - WARNING - CropBox missing from /Page, defaulting to MediaBox
2025-04-27 13:40:05,784 - WARNING - CropBox missing from /Page, defaulting to MediaBox
2025-04-27 13:40:05,784 - WARNING - CropBox missing from /Page, defaulting to MediaBox
2025-04-27 13:40:05,785 - WARNING - CropBox missing from /Page, defaulting to MediaBox
2025-04-27 13:40:05,785 - WARNING - CropBox missing from /Page, defaulting to MediaBox
2025-04-27 13:40:05,786 - WARNING - CropBox missing from /Page, defaulting to MediaBox
2025-04-27 13:40:05,786 - WARNING - CropBox missing from /Page, defaulting to MediaBox
2025-04-27 13:40:06,052 - WARNING - CropBox missing from /Page, defaulting to MediaBox
2025-04-27 13:40:06,052 - WARNING - CropBox missing from /Page, defaulting to MediaBox
2025-04-27 13:40:06,052 - WARNING - CropBox missing from /Page, defaulting to MediaBox
2025-04-27 13:40:06,052 - WARNING - CropBox missing from /Page, defaulting to MediaBox
2025-04-27 13:40:06,052 - WARNING - CropBox missing from /Page, defaulting to MediaBox
2025-04-27 13:40:06,052 - WARNING - CropBox missing from /Page, defaulting to MediaBox
2025-04-27 13:40:06,052 - WARNING - CropBox missing from /Page, defaulting to MediaBox
2025-04-27 13:40:06,052 - WARNING - CropBox missing from /Page, defaulting to MediaBox
2025-04-27 13:40:06,052 - WARNING - CropBox missing from /Page, defaulting to MediaBox
2025-04-27 13:40:06,053 - WARNING - CropBox missing from /Page, defaulting to MediaBox
2025-04-27 13:40:06,053 - WARNING - CropBox missing from /Page, defaulting to MediaBox
2025-04-27 13:40:06,053 - WARNING - CropBox missing from /Page, defaulting to MediaBox
2025-04-27 13:40:06,053 - WARNING - CropBox missing from /Page, defaulting to MediaBox
2025-04-27 13:40:06,053 - WARNING - CropBox missing from /Page, defaulting to MediaBox
2025-04-27 13:40:06,053 - WARNING - CropBox missing from /Page, defaulting to MediaBox
2025-04-27 13:40:06,053 - WARNING - CropBox missing from /Page, defaulting to MediaBox
2025-04-27 13:40:06,053 - WARNING - CropBox missing from /Page, defaulting to MediaBox
2025-04-27 13:40:06,053 - WARNING - CropBox missing from /Page, defaulting to MediaBox
2025-04-27 13:40:06,053 - WARNING - CropBox missing from /Page, defaulting to MediaBox
2025-04-27 13:40:06,053 - WARNING - CropBox missing from /Page, defaulting to MediaBox
2025-04-27 13:40:06,053 - WARNING - CropBox missing from /Page, defaulting to MediaBox
2025-04-27 13:40:06,053 - WARNING - CropBox missing from /Page, defaulting to MediaBox
2025-04-27 13:40:06,054 - WARNING - CropBox missing from /Page, defaulting to MediaBox
2025-04-27 13:40:06,054 - WARNING - CropBox missing from /Page, defaulting to MediaBox
2025-04-27 13:40:06,054 - WARNING - CropBox missing from /Page, defaulting to MediaBox
2025-04-27 13:40:06,054 - WARNING - CropBox missing from /Page, defaulting to MediaBox
2025-04-27 13:40:06,054 - WARNING - CropBox missing from /Page, defaulting to MediaBox
2025-04-27 13:40:06,054 - WARNING - CropBox missing from /Page, defaulting to MediaBox
2025-04-27 13:40:06,054 - WARNING - CropBox missing from /Page, defaulting to MediaBox
2025-04-27 13:40:06,054 - WARNING - CropBox missing from /Page, defaulting to MediaBox
2025-04-27 13:40:06,054 - WARNING - CropBox missing from /Page, defaulting to MediaBox
2025-04-27 13:40:06,054 - WARNING - CropBox missing from /Page, defaulting to MediaBox
2025-04-27 13:40:06,054 - WARNING - CropBox missing from /Page, defaulting to MediaBox
2025-04-27 13:40:06,054 - WARNING - CropBox missing from /Page, defaulting to MediaBox
2025-04-27 13:40:06,054 - WARNING - CropBox missing from /Page, defaulting to MediaBox
2025-04-27 13:40:06,054 - WARNING - CropBox missing from /Page, defaulting to MediaBox
2025-04-27 13:40:06,054 - WARNING - CropBox missing from /Page, defaulting to MediaBox
2025-04-27 13:40:06,054 - WARNING - CropBox missing from /Page, defaulting to MediaBox
2025-04-27 13:40:06,054 - WARNING - CropBox missing from /Page, defaulting to MediaBox
2025-04-27 13:40:06,055 - WARNING - CropBox missing from /Page, defaulting to MediaBox
2025-04-27 13:40:06,055 - WARNING - CropBox missing from /Page, defaulting to MediaBox
2025-04-27 13:40:06,055 - WARNING - CropBox missing from /Page, defaulting to MediaBox
2025-04-27 13:40:06,055 - WARNING - CropBox missing from /Page, defaulting to MediaBox
2025-04-27 13:40:06,055 - WARNING - CropBox missing from /Page, defaulting to MediaBox
2025-04-27 13:40:06,055 - WARNING - CropBox missing from /Page, defaulting to MediaBox
2025-04-27 13:40:06,055 - WARNING - CropBox missing from /Page, defaulting to MediaBox
2025-04-27 13:40:06,055 - WARNING - CropBox missing from /Page, defaulting to MediaBox
2025-04-27 13:40:06,055 - WARNING - CropBox missing from /Page, defaulting to MediaBox
2025-04-27 13:40:06,055 - WARNING - CropBox missing from /Page, defaulting to MediaBox
2025-04-27 13:40:06,055 - WARNING - CropBox missing from /Page, defaulting to MediaBox
2025-04-27 13:40:06,055 - WARNING - CropBox missing from /Page, defaulting to MediaBox
2025-04-27 13:40:06,055 - WARNING - CropBox missing from /Page, defaulting to MediaBox
2025-04-27 13:40:06,055 - WARNING - CropBox missing from /Page, defaulting to MediaBox
2025-04-27 13:40:06,055 - WARNING - CropBox missing from /Page, defaulting to MediaBox
2025-04-27 13:40:06,056 - WARNING - CropBox missing from /Page, defaulting to MediaBox
2025-04-27 13:40:06,056 - WARNING - CropBox missing from /Page, defaulting to MediaBox
2025-04-27 13:40:06,056 - WARNING - CropBox missing from /Page, defaulting to MediaBox
2025-04-27 13:40:06,056 - WARNING - CropBox missing from /Page, defaulting to MediaBox
2025-04-27 13:40:06,056 - WARNING - CropBox missing from /Page, defaulting to MediaBox
2025-04-27 13:40:06,056 - WARNING - CropBox missing from /Page, defaulting to MediaBox
2025-04-27 13:40:06,056 - WARNING - CropBox missing from /Page, defaulting to MediaBox
2025-04-27 13:40:06,056 - WARNING - CropBox missing from /Page, defaulting to MediaBox
2025-04-27 13:40:06,056 - WARNING - CropBox missing from /Page, defaulting to MediaBox
2025-04-27 13:40:06,056 - WARNING - CropBox missing from /Page, defaulting to MediaBox
2025-04-27 13:40:06,056 - WARNING - CropBox missing from /Page, defaulting to MediaBox
2025-04-27 13:40:06,056 - WARNING - CropBox missing from /Page, defaulting to MediaBox
2025-04-27 13:40:06,056 - WARNING - CropBox missing from /Page, defaulting to MediaBox
2025-04-27 13:40:06,056 - WARNING - CropBox missing from /Page, defaulting to MediaBox
2025-04-27 13:40:06,056 - WARNING - CropBox missing from /Page, defaulting to MediaBox
2025-04-27 13:40:06,057 - WARNING - CropBox missing from /Page, defaulting to MediaBox
2025-04-27 13:40:06,057 - WARNING - CropBox missing from /Page, defaulting to MediaBox
2025-04-27 13:40:06,057 - WARNING - CropBox missing from /Page, defaulting to MediaBox
2025-04-27 13:40:06,057 - WARNING - CropBox missing from /Page, defaulting to MediaBox
2025-04-27 13:40:06,057 - WARNING - CropBox missing from /Page, defaulting to MediaBox
2025-04-27 13:40:06,057 - WARNING - CropBox missing from /Page, defaulting to MediaBox
2025-04-27 13:40:06,057 - WARNING - CropBox missing from /Page, defaulting to MediaBox
2025-04-27 13:40:06,057 - WARNING - CropBox missing from /Page, defaulting to MediaBox
2025-04-27 13:40:06,057 - WARNING - CropBox missing from /Page, defaulting to MediaBox
2025-04-27 13:40:06,057 - WARNING - CropBox missing from /Page, defaulting to MediaBox
2025-04-27 13:40:06,057 - WARNING - CropBox missing from /Page, defaulting to MediaBox
2025-04-27 13:40:06,057 - WARNING - CropBox missing from /Page, defaulting to MediaBox
2025-04-27 13:40:06,057 - WARNING - CropBox missing from /Page, defaulting to MediaBox
2025-04-27 13:40:06,057 - WARNING - CropBox missing from /Page, defaulting to MediaBox
2025-04-27 13:40:06,057 - WARNING - CropBox missing from /Page, defaulting to MediaBox
2025-04-27 13:40:06,058 - WARNING - CropBox missing from /Page, defaulting to MediaBox
2025-04-27 13:40:06,058 - WARNING - CropBox missing from /Page, defaulting to MediaBox
2025-04-27 13:40:06,058 - WARNING - CropBox missing from /Page, defaulting to MediaBox
2025-04-27 13:40:06,058 - WARNING - CropBox missing from /Page, defaulting to MediaBox
2025-04-27 13:40:06,058 - WARNING - CropBox missing from /Page, defaulting to MediaBox
2025-04-27 13:40:06,058 - WARNING - CropBox missing from /Page, defaulting to MediaBox
2025-04-27 13:40:06,058 - WARNING - CropBox missing from /Page, defaulting to MediaBox
2025-04-27 13:40:06,058 - WARNING - CropBox missing from /Page, defaulting to MediaBox
2025-04-27 13:40:06,058 - WARNING - CropBox missing from /Page, defaulting to MediaBox
2025-04-27 13:40:06,058 - WARNING - CropBox missing from /Page, defaulting to MediaBox
2025-04-27 13:40:06,058 - WARNING - CropBox missing from /Page, defaulting to MediaBox
2025-04-27 13:40:06,058 - WARNING - CropBox missing from /Page, defaulting to MediaBox
2025-04-27 13:40:06,058 - WARNING - CropBox missing from /Page, defaulting to MediaBox
2025-04-27 13:40:06,058 - WARNING - CropBox missing from /Page, defaulting to MediaBox
2025-04-27 13:40:06,058 - WARNING - CropBox missing from /Page, defaulting to MediaBox
2025-04-27 13:40:06,058 - WARNING - CropBox missing from /Page, defaulting to MediaBox
2025-04-27 13:40:06,058 - WARNING - CropBox missing from /Page, defaulting to MediaBox
2025-04-27 13:40:06,058 - WARNING - CropBox missing from /Page, defaulting to MediaBox
2025-04-27 13:40:06,059 - WARNING - CropBox missing from /Page, defaulting to MediaBox
2025-04-27 13:40:06,059 - WARNING - CropBox missing from /Page, defaulting to MediaBox
2025-04-27 13:40:06,059 - WARNING - CropBox missing from /Page, defaulting to MediaBox
2025-04-27 13:40:06,059 - WARNING - CropBox missing from /Page, defaulting to MediaBox
2025-04-27 13:40:06,059 - WARNING - CropBox missing from /Page, defaulting to MediaBox
2025-04-27 13:40:06,059 - WARNING - CropBox missing from /Page, defaulting to MediaBox
2025-04-27 13:40:06,059 - WARNING - CropBox missing from /Page, defaulting to MediaBox
2025-04-27 13:40:06,059 - WARNING - CropBox missing from /Page, defaulting to MediaBox
2025-04-27 13:40:06,059 - WARNING - CropBox missing from /Page, defaulting to MediaBox
2025-04-27 13:40:06,059 - WARNING - CropBox missing from /Page, defaulting to MediaBox
2025-04-27 13:40:06,059 - WARNING - CropBox missing from /Page, defaulting to MediaBox
2025-04-27 13:40:06,059 - WARNING - CropBox missing from /Page, defaulting to MediaBox
2025-04-27 13:40:06,059 - WARNING - CropBox missing from /Page, defaulting to MediaBox
2025-04-27 13:40:06,059 - WARNING - CropBox missing from /Page, defaulting to MediaBox
2025-04-27 13:40:06,059 - WARNING - CropBox missing from /Page, defaulting to MediaBox
2025-04-27 13:40:06,059 - WARNING - CropBox missing from /Page, defaulting to MediaBox
2025-04-27 13:40:06,059 - WARNING - CropBox missing from /Page, defaulting to MediaBox
2025-04-27 13:40:06,059 - WARNING - CropBox missing from /Page, defaulting to MediaBox
2025-04-27 13:40:06,060 - WARNING - CropBox missing from /Page, defaulting to MediaBox
2025-04-27 13:40:06,060 - WARNING - CropBox missing from /Page, defaulting to MediaBox
2025-04-27 13:40:06,060 - WARNING - CropBox missing from /Page, defaulting to MediaBox
2025-04-27 13:40:06,060 - WARNING - CropBox missing from /Page, defaulting to MediaBox
2025-04-27 13:40:06,060 - WARNING - CropBox missing from /Page, defaulting to MediaBox
2025-04-27 13:40:06,060 - INFO - Starting conversion of: Excise Duty Act, 2058 (2002).pdf
2025-04-27 13:40:06,087 - WARNING - CropBox missing from /Page, defaulting to MediaBox
2025-04-27 13:40:06,088 - WARNING - CropBox missing from /Page, defaulting to MediaBox
2025-04-27 13:40:06,088 - WARNING - CropBox missing from /Page, defaulting to MediaBox
2025-04-27 13:40:06,089 - WARNING - CropBox missing from /Page, defaulting to MediaBox
2025-04-27 13:40:06,089 - WARNING - CropBox missing from /Page, defaulting to MediaBox
2025-04-27 13:40:06,090 - WARNING - CropBox missing from /Page, defaulting to MediaBox
2025-04-27 13:40:06,090 - WARNING - CropBox missing from /Page, defaulting to MediaBox
2025-04-27 13:40:06,091 - WARNING - CropBox missing from /Page, defaulting to MediaBox
2025-04-27 13:40:06,091 - WARNING - CropBox missing from /Page, defaulting to MediaBox
2025-04-27 13:40:06,092 - WARNING - CropBox missing from /Page, defaulting to MediaBox
2025-04-27 13:40:06,092 - WARNING - CropBox missing from /Page, defaulting to MediaBox
2025-04-27 13:40:06,093 - WARNING - CropBox missing from /Page, defaulting to MediaBox
2025-04-27 13:40:06,093 - WARNING - CropBox missing from /Page, defaulting to MediaBox
2025-04-27 13:40:06,094 - WARNING - CropBox missing from /Page, defaulting to MediaBox
2025-04-27 13:40:06,094 - WARNING - CropBox missing from /Page, defaulting to MediaBox
2025-04-27 13:40:06,095 - WARNING - CropBox missing from /Page, defaulting to MediaBox
2025-04-27 13:40:06,095 - WARNING - CropBox missing from /Page, defaulting to MediaBox
2025-04-27 13:40:06,096 - WARNING - CropBox missing from /Page, defaulting to MediaBox
2025-04-27 13:40:06,096 - WARNING - CropBox missing from /Page, defaulting to MediaBox
2025-04-27 13:40:06,097 - WARNING - CropBox missing from /Page, defaulting to MediaBox
2025-04-27 13:40:06,097 - WARNING - CropBox missing from /Page, defaulting to MediaBox
2025-04-27 13:40:06,098 - WARNING - CropBox missing from /Page, defaulting to MediaBox
2025-04-27 13:40:06,098 - WARNING - CropBox missing from /Page, defaulting to MediaBox
2025-04-27 13:40:06,099 - WARNING - CropBox missing from /Page, defaulting to MediaBox
2025-04-27 13:40:06,099 - WARNING - CropBox missing from /Page, defaulting to MediaBox
2025-04-27 13:40:06,099 - WARNING - CropBox missing from /Page, defaulting to MediaBox
2025-04-27 13:40:06,100 - WARNING - CropBox missing from /Page, defaulting to MediaBox
2025-04-27 13:40:06,100 - WARNING - CropBox missing from /Page, defaulting to MediaBox
2025-04-27 13:40:06,101 - WARNING - CropBox missing from /Page, defaulting to MediaBox
2025-04-27 13:40:06,101 - WARNING - CropBox missing from /Page, defaulting to MediaBox
2025-04-27 13:40:06,102 - WARNING - CropBox missing from /Page, defaulting to MediaBox
2025-04-27 13:40:06,102 - WARNING - CropBox missing from /Page, defaulting to MediaBox
2025-04-27 13:40:06,103 - WARNING - CropBox missing from /Page, defaulting to MediaBox
2025-04-27 13:40:06,103 - WARNING - CropBox missing from /Page, defaulting to MediaBox
2025-04-27 13:40:06,104 - WARNING - CropBox missing from /Page, defaulting to MediaBox
2025-04-27 13:40:06,104 - WARNING - CropBox missing from /Page, defaulting to MediaBox
2025-04-27 13:40:06,105 - WARNING - CropBox missing from /Page, defaulting to MediaBox
2025-04-27 13:40:06,105 - WARNING - CropBox missing from /Page, defaulting to MediaBox
2025-04-27 13:40:06,106 - WARNING - CropBox missing from /Page, defaulting to MediaBox
2025-04-27 13:40:06,106 - WARNING - CropBox missing from /Page, defaulting to MediaBox
2025-04-27 13:40:06,107 - WARNING - CropBox missing from /Page, defaulting to MediaBox
2025-04-27 13:40:06,107 - WARNING - CropBox missing from /Page, defaulting to MediaBox
2025-04-27 13:40:06,108 - WARNING - CropBox missing from /Page, defaulting to MediaBox
2025-04-27 13:40:06,108 - WARNING - CropBox missing from /Page, defaulting to MediaBox
2025-04-27 13:40:06,108 - WARNING - CropBox missing from /Page, defaulting to MediaBox
2025-04-27 13:40:06,109 - WARNING - CropBox missing from /Page, defaulting to MediaBox
2025-04-27 13:40:06,109 - WARNING - CropBox missing from /Page, defaulting to MediaBox
2025-04-27 13:40:06,110 - WARNING - CropBox missing from /Page, defaulting to MediaBox
2025-04-27 13:40:06,110 - WARNING - CropBox missing from /Page, defaulting to MediaBox
2025-04-27 13:40:06,111 - WARNING - CropBox missing from /Page, defaulting to MediaBox
2025-04-27 13:40:06,111 - WARNING - CropBox missing from /Page, defaulting to MediaBox
2025-04-27 13:40:06,112 - WARNING - CropBox missing from /Page, defaulting to MediaBox
2025-04-27 13:40:06,112 - WARNING - CropBox missing from /Page, defaulting to MediaBox
2025-04-27 13:40:06,113 - WARNING - CropBox missing from /Page, defaulting to MediaBox
2025-04-27 13:40:06,113 - WARNING - CropBox missing from /Page, defaulting to MediaBox
2025-04-27 13:40:06,114 - WARNING - CropBox missing from /Page, defaulting to MediaBox
2025-04-27 13:40:06,114 - WARNING - CropBox missing from /Page, defaulting to MediaBox
2025-04-27 13:40:06,114 - WARNING - CropBox missing from /Page, defaulting to MediaBox
2025-04-27 13:40:06,115 - WARNING - CropBox missing from /Page, defaulting to MediaBox
2025-04-27 13:40:06,116 - WARNING - CropBox missing from /Page, defaulting to MediaBox
2025-04-27 13:40:06,117 - WARNING - CropBox missing from /Page, defaulting to MediaBox
2025-04-27 13:40:06,117 - WARNING - CropBox missing from /Page, defaulting to MediaBox
2025-04-27 13:40:06,118 - WARNING - CropBox missing from /Page, defaulting to MediaBox
2025-04-27 13:40:06,118 - WARNING - CropBox missing from /Page, defaulting to MediaBox
2025-04-27 13:40:06,119 - WARNING - CropBox missing from /Page, defaulting to MediaBox
2025-04-27 13:40:06,119 - WARNING - CropBox missing from /Page, defaulting to MediaBox
2025-04-27 13:40:06,120 - WARNING - CropBox missing from /Page, defaulting to MediaBox
2025-04-27 13:40:06,120 - WARNING - CropBox missing from /Page, defaulting to MediaBox
2025-04-27 13:40:06,121 - WARNING - CropBox missing from /Page, defaulting to MediaBox
2025-04-27 13:40:06,121 - WARNING - CropBox missing from /Page, defaulting to MediaBox
2025-04-27 13:40:06,122 - WARNING - CropBox missing from /Page, defaulting to MediaBox
2025-04-27 13:40:06,122 - WARNING - CropBox missing from /Page, defaulting to MediaBox
2025-04-27 13:40:06,123 - WARNING - CropBox missing from /Page, defaulting to MediaBox
2025-04-27 13:40:06,123 - WARNING - CropBox missing from /Page, defaulting to MediaBox
2025-04-27 13:40:06,124 - WARNING - CropBox missing from /Page, defaulting to MediaBox
2025-04-27 13:40:06,124 - WARNING - CropBox missing from /Page, defaulting to MediaBox
2025-04-27 13:40:06,124 - WARNING - CropBox missing from /Page, defaulting to MediaBox
2025-04-27 13:40:06,125 - WARNING - CropBox missing from /Page, defaulting to MediaBox
2025-04-27 13:40:06,125 - WARNING - CropBox missing from /Page, defaulting to MediaBox
2025-04-27 13:40:06,126 - WARNING - CropBox missing from /Page, defaulting to MediaBox
2025-04-27 13:40:06,126 - WARNING - CropBox missing from /Page, defaulting to MediaBox
2025-04-27 13:40:06,127 - WARNING - CropBox missing from /Page, defaulting to MediaBox
2025-04-27 13:40:06,127 - WARNING - CropBox missing from /Page, defaulting to MediaBox
2025-04-27 13:40:06,128 - WARNING - CropBox missing from /Page, defaulting to MediaBox
2025-04-27 13:40:06,128 - WARNING - CropBox missing from /Page, defaulting to MediaBox
2025-04-27 13:40:06,129 - WARNING - CropBox missing from /Page, defaulting to MediaBox
2025-04-27 13:40:06,129 - WARNING - CropBox missing from /Page, defaulting to MediaBox
2025-04-27 13:40:06,130 - WARNING - CropBox missing from /Page, defaulting to MediaBox
2025-04-27 13:40:06,130 - WARNING - CropBox missing from /Page, defaulting to MediaBox
2025-04-27 13:40:06,130 - WARNING - CropBox missing from /Page, defaulting to MediaBox
2025-04-27 13:40:06,131 - WARNING - CropBox missing from /Page, defaulting to MediaBox
2025-04-27 13:40:06,131 - WARNING - CropBox missing from /Page, defaulting to MediaBox
2025-04-27 13:40:06,132 - WARNING - CropBox missing from /Page, defaulting to MediaBox
2025-04-27 13:40:06,132 - WARNING - CropBox missing from /Page, defaulting to MediaBox
2025-04-27 13:40:06,133 - WARNING - CropBox missing from /Page, defaulting to MediaBox
2025-04-27 13:40:06,133 - WARNING - CropBox missing from /Page, defaulting to MediaBox
2025-04-27 13:40:06,134 - WARNING - CropBox missing from /Page, defaulting to MediaBox
2025-04-27 13:40:06,134 - WARNING - CropBox missing from /Page, defaulting to MediaBox
2025-04-27 13:40:06,135 - WARNING - CropBox missing from /Page, defaulting to MediaBox
2025-04-27 13:40:06,136 - WARNING - CropBox missing from /Page, defaulting to MediaBox
2025-04-27 13:40:06,136 - WARNING - CropBox missing from /Page, defaulting to MediaBox
2025-04-27 13:40:06,137 - WARNING - CropBox missing from /Page, defaulting to MediaBox
2025-04-27 13:40:06,137 - WARNING - CropBox missing from /Page, defaulting to MediaBox
2025-04-27 13:40:06,138 - WARNING - CropBox missing from /Page, defaulting to MediaBox
2025-04-27 13:40:06,138 - WARNING - CropBox missing from /Page, defaulting to MediaBox
2025-04-27 13:40:06,138 - WARNING - CropBox missing from /Page, defaulting to MediaBox
2025-04-27 13:40:06,139 - WARNING - CropBox missing from /Page, defaulting to MediaBox
2025-04-27 13:40:06,139 - WARNING - CropBox missing from /Page, defaulting to MediaBox
2025-04-27 13:40:06,140 - WARNING - CropBox missing from /Page, defaulting to MediaBox
2025-04-27 13:40:06,141 - WARNING - CropBox missing from /Page, defaulting to MediaBox
2025-04-27 13:40:06,141 - WARNING - CropBox missing from /Page, defaulting to MediaBox
2025-04-27 13:40:06,142 - WARNING - CropBox missing from /Page, defaulting to MediaBox
2025-04-27 13:40:06,142 - WARNING - CropBox missing from /Page, defaulting to MediaBox
2025-04-27 13:40:06,143 - WARNING - CropBox missing from /Page, defaulting to MediaBox
2025-04-27 13:40:06,143 - WARNING - CropBox missing from /Page, defaulting to MediaBox
2025-04-27 13:40:06,143 - WARNING - CropBox missing from /Page, defaulting to MediaBox
2025-04-27 13:40:06,144 - WARNING - CropBox missing from /Page, defaulting to MediaBox
2025-04-27 13:40:06,144 - WARNING - CropBox missing from /Page, defaulting to MediaBox
2025-04-27 13:40:06,145 - WARNING - CropBox missing from /Page, defaulting to MediaBox
2025-04-27 13:40:06,145 - WARNING - CropBox missing from /Page, defaulting to MediaBox
2025-04-27 13:40:06,146 - WARNING - CropBox missing from /Page, defaulting to MediaBox
2025-04-27 13:40:06,146 - WARNING - CropBox missing from /Page, defaulting to MediaBox
2025-04-27 13:40:06,147 - WARNING - CropBox missing from /Page, defaulting to MediaBox
2025-04-27 13:40:06,147 - WARNING - CropBox missing from /Page, defaulting to MediaBox
2025-04-27 13:40:06,148 - WARNING - CropBox missing from /Page, defaulting to MediaBox
2025-04-27 13:40:06,148 - INFO - PDF has 125 pages
2025-04-27 13:40:25,653 - WARNING - CropBox missing from /Page, defaulting to MediaBox
2025-04-27 13:40:25,653 - WARNING - CropBox missing from /Page, defaulting to MediaBox
2025-04-27 13:40:25,653 - WARNING - CropBox missing from /Page, defaulting to MediaBox
2025-04-27 13:40:25,653 - WARNING - CropBox missing from /Page, defaulting to MediaBox
2025-04-27 13:40:25,653 - WARNING - CropBox missing from /Page, defaulting to MediaBox
2025-04-27 13:40:25,653 - WARNING - CropBox missing from /Page, defaulting to MediaBox
2025-04-27 13:40:25,654 - WARNING - CropBox missing from /Page, defaulting to MediaBox
2025-04-27 13:40:25,654 - WARNING - CropBox missing from /Page, defaulting to MediaBox
2025-04-27 13:40:25,654 - WARNING - CropBox missing from /Page, defaulting to MediaBox
2025-04-27 13:40:25,654 - WARNING - CropBox missing from /Page, defaulting to MediaBox
2025-04-27 13:40:25,654 - WARNING - CropBox missing from /Page, defaulting to MediaBox
2025-04-27 13:40:25,654 - WARNING - CropBox missing from /Page, defaulting to MediaBox
2025-04-27 13:40:25,654 - WARNING - CropBox missing from /Page, defaulting to MediaBox
2025-04-27 13:40:25,654 - WARNING - CropBox missing from /Page, defaulting to MediaBox
2025-04-27 13:40:25,654 - WARNING - CropBox missing from /Page, defaulting to MediaBox
2025-04-27 13:40:25,654 - WARNING - CropBox missing from /Page, defaulting to MediaBox
2025-04-27 13:40:25,654 - WARNING - CropBox missing from /Page, defaulting to MediaBox
2025-04-27 13:40:25,654 - WARNING - CropBox missing from /Page, defaulting to MediaBox
2025-04-27 13:40:25,654 - WARNING - CropBox missing from /Page, defaulting to MediaBox
2025-04-27 13:40:25,655 - WARNING - CropBox missing from /Page, defaulting to MediaBox
2025-04-27 13:40:25,655 - WARNING - CropBox missing from /Page, defaulting to MediaBox
2025-04-27 13:40:25,655 - WARNING - CropBox missing from /Page, defaulting to MediaBox
2025-04-27 13:40:25,655 - WARNING - CropBox missing from /Page, defaulting to MediaBox
2025-04-27 13:40:25,655 - WARNING - CropBox missing from /Page, defaulting to MediaBox
2025-04-27 13:40:25,655 - WARNING - CropBox missing from /Page, defaulting to MediaBox
2025-04-27 13:40:25,655 - WARNING - CropBox missing from /Page, defaulting to MediaBox
2025-04-27 13:40:25,655 - WARNING - CropBox missing from /Page, defaulting to MediaBox
2025-04-27 13:40:25,655 - WARNING - CropBox missing from /Page, defaulting to MediaBox
2025-04-27 13:40:25,655 - WARNING - CropBox missing from /Page, defaulting to MediaBox
2025-04-27 13:40:25,655 - WARNING - CropBox missing from /Page, defaulting to MediaBox
2025-04-27 13:40:25,655 - WARNING - CropBox missing from /Page, defaulting to MediaBox
2025-04-27 13:40:25,655 - WARNING - CropBox missing from /Page, defaulting to MediaBox
2025-04-27 13:40:25,655 - WARNING - CropBox missing from /Page, defaulting to MediaBox
2025-04-27 13:40:25,656 - WARNING - CropBox missing from /Page, defaulting to MediaBox
2025-04-27 13:40:25,656 - WARNING - CropBox missing from /Page, defaulting to MediaBox
2025-04-27 13:40:25,656 - WARNING - CropBox missing from /Page, defaulting to MediaBox
2025-04-27 13:40:25,656 - WARNING - CropBox missing from /Page, defaulting to MediaBox
2025-04-27 13:40:25,656 - WARNING - CropBox missing from /Page, defaulting to MediaBox
2025-04-27 13:40:25,656 - WARNING - CropBox missing from /Page, defaulting to MediaBox
2025-04-27 13:40:25,656 - WARNING - CropBox missing from /Page, defaulting to MediaBox
2025-04-27 13:40:25,656 - WARNING - CropBox missing from /Page, defaulting to MediaBox
2025-04-27 13:40:25,656 - WARNING - CropBox missing from /Page, defaulting to MediaBox
2025-04-27 13:40:25,656 - WARNING - CropBox missing from /Page, defaulting to MediaBox
2025-04-27 13:40:25,656 - WARNING - CropBox missing from /Page, defaulting to MediaBox
2025-04-27 13:40:25,656 - WARNING - CropBox missing from /Page, defaulting to MediaBox
2025-04-27 13:40:25,656 - WARNING - CropBox missing from /Page, defaulting to MediaBox
2025-04-27 13:40:25,656 - WARNING - CropBox missing from /Page, defaulting to MediaBox
2025-04-27 13:40:25,656 - WARNING - CropBox missing from /Page, defaulting to MediaBox
2025-04-27 13:40:25,657 - WARNING - CropBox missing from /Page, defaulting to MediaBox
2025-04-27 13:40:25,657 - WARNING - CropBox missing from /Page, defaulting to MediaBox
2025-04-27 13:40:25,657 - WARNING - CropBox missing from /Page, defaulting to MediaBox
2025-04-27 13:40:25,657 - WARNING - CropBox missing from /Page, defaulting to MediaBox
2025-04-27 13:40:25,657 - WARNING - CropBox missing from /Page, defaulting to MediaBox
2025-04-27 13:40:25,657 - WARNING - CropBox missing from /Page, defaulting to MediaBox
2025-04-27 13:40:25,657 - WARNING - CropBox missing from /Page, defaulting to MediaBox
2025-04-27 13:40:25,657 - WARNING - CropBox missing from /Page, defaulting to MediaBox
2025-04-27 13:40:25,657 - WARNING - CropBox missing from /Page, defaulting to MediaBox
2025-04-27 13:40:25,657 - WARNING - CropBox missing from /Page, defaulting to MediaBox
2025-04-27 13:40:25,657 - WARNING - CropBox missing from /Page, defaulting to MediaBox
2025-04-27 13:40:25,657 - WARNING - CropBox missing from /Page, defaulting to MediaBox
2025-04-27 13:40:25,657 - WARNING - CropBox missing from /Page, defaulting to MediaBox
2025-04-27 13:40:25,657 - WARNING - CropBox missing from /Page, defaulting to MediaBox
2025-04-27 13:40:25,658 - WARNING - CropBox missing from /Page, defaulting to MediaBox
2025-04-27 13:40:25,658 - WARNING - CropBox missing from /Page, defaulting to MediaBox
2025-04-27 13:40:25,658 - WARNING - CropBox missing from /Page, defaulting to MediaBox
2025-04-27 13:40:25,658 - WARNING - CropBox missing from /Page, defaulting to MediaBox
2025-04-27 13:40:25,658 - WARNING - CropBox missing from /Page, defaulting to MediaBox
2025-04-27 13:40:25,658 - WARNING - CropBox missing from /Page, defaulting to MediaBox
2025-04-27 13:40:25,658 - WARNING - CropBox missing from /Page, defaulting to MediaBox
2025-04-27 13:40:25,658 - WARNING - CropBox missing from /Page, defaulting to MediaBox
2025-04-27 13:40:25,658 - WARNING - CropBox missing from /Page, defaulting to MediaBox
2025-04-27 13:40:25,658 - WARNING - CropBox missing from /Page, defaulting to MediaBox
2025-04-27 13:40:25,659 - WARNING - CropBox missing from /Page, defaulting to MediaBox
2025-04-27 13:40:25,659 - WARNING - CropBox missing from /Page, defaulting to MediaBox
2025-04-27 13:40:25,659 - WARNING - CropBox missing from /Page, defaulting to MediaBox
2025-04-27 13:40:25,659 - WARNING - CropBox missing from /Page, defaulting to MediaBox
2025-04-27 13:40:25,659 - WARNING - CropBox missing from /Page, defaulting to MediaBox
2025-04-27 13:40:25,659 - WARNING - CropBox missing from /Page, defaulting to MediaBox
2025-04-27 13:40:25,659 - WARNING - CropBox missing from /Page, defaulting to MediaBox
2025-04-27 13:40:25,659 - WARNING - CropBox missing from /Page, defaulting to MediaBox
2025-04-27 13:40:25,659 - WARNING - CropBox missing from /Page, defaulting to MediaBox
2025-04-27 13:40:25,659 - WARNING - CropBox missing from /Page, defaulting to MediaBox
2025-04-27 13:40:25,659 - WARNING - CropBox missing from /Page, defaulting to MediaBox
2025-04-27 13:40:25,659 - WARNING - CropBox missing from /Page, defaulting to MediaBox
2025-04-27 13:40:25,659 - WARNING - CropBox missing from /Page, defaulting to MediaBox
2025-04-27 13:40:25,659 - WARNING - CropBox missing from /Page, defaulting to MediaBox
2025-04-27 13:40:25,660 - WARNING - CropBox missing from /Page, defaulting to MediaBox
2025-04-27 13:40:25,660 - WARNING - CropBox missing from /Page, defaulting to MediaBox
2025-04-27 13:40:25,660 - WARNING - CropBox missing from /Page, defaulting to MediaBox
2025-04-27 13:40:25,660 - WARNING - CropBox missing from /Page, defaulting to MediaBox
2025-04-27 13:40:25,660 - WARNING - CropBox missing from /Page, defaulting to MediaBox
2025-04-27 13:40:25,660 - WARNING - CropBox missing from /Page, defaulting to MediaBox
2025-04-27 13:40:25,660 - WARNING - CropBox missing from /Page, defaulting to MediaBox
2025-04-27 13:40:25,660 - WARNING - CropBox missing from /Page, defaulting to MediaBox
2025-04-27 13:40:25,660 - WARNING - CropBox missing from /Page, defaulting to MediaBox
2025-04-27 13:40:25,660 - WARNING - CropBox missing from /Page, defaulting to MediaBox
2025-04-27 13:40:25,660 - WARNING - CropBox missing from /Page, defaulting to MediaBox
2025-04-27 13:40:25,660 - WARNING - CropBox missing from /Page, defaulting to MediaBox
2025-04-27 13:40:25,660 - WARNING - CropBox missing from /Page, defaulting to MediaBox
2025-04-27 13:40:25,660 - WARNING - CropBox missing from /Page, defaulting to MediaBox
2025-04-27 13:40:25,660 - WARNING - CropBox missing from /Page, defaulting to MediaBox
2025-04-27 13:40:25,661 - WARNING - CropBox missing from /Page, defaulting to MediaBox
2025-04-27 13:40:25,661 - WARNING - CropBox missing from /Page, defaulting to MediaBox
2025-04-27 13:40:25,661 - WARNING - CropBox missing from /Page, defaulting to MediaBox
2025-04-27 13:40:25,661 - WARNING - CropBox missing from /Page, defaulting to MediaBox
2025-04-27 13:40:25,661 - WARNING - CropBox missing from /Page, defaulting to MediaBox
2025-04-27 13:40:25,661 - WARNING - CropBox missing from /Page, defaulting to MediaBox
2025-04-27 13:40:25,661 - WARNING - CropBox missing from /Page, defaulting to MediaBox
2025-04-27 13:40:25,661 - WARNING - CropBox missing from /Page, defaulting to MediaBox
2025-04-27 13:40:25,661 - WARNING - CropBox missing from /Page, defaulting to MediaBox
2025-04-27 13:40:25,661 - WARNING - CropBox missing from /Page, defaulting to MediaBox
2025-04-27 13:40:25,661 - WARNING - CropBox missing from /Page, defaulting to MediaBox
2025-04-27 13:40:25,661 - WARNING - CropBox missing from /Page, defaulting to MediaBox
2025-04-27 13:40:25,661 - WARNING - CropBox missing from /Page, defaulting to MediaBox
2025-04-27 13:40:25,661 - WARNING - CropBox missing from /Page, defaulting to MediaBox
2025-04-27 13:40:25,661 - WARNING - CropBox missing from /Page, defaulting to MediaBox
2025-04-27 13:40:25,662 - WARNING - CropBox missing from /Page, defaulting to MediaBox
2025-04-27 13:40:25,662 - WARNING - CropBox missing from /Page, defaulting to MediaBox
2025-04-27 13:40:25,662 - WARNING - CropBox missing from /Page, defaulting to MediaBox
2025-04-27 13:40:25,662 - WARNING - CropBox missing from /Page, defaulting to MediaBox
2025-04-27 13:40:25,662 - WARNING - CropBox missing from /Page, defaulting to MediaBox
2025-04-27 13:40:25,662 - WARNING - CropBox missing from /Page, defaulting to MediaBox
2025-04-27 13:40:25,662 - WARNING - CropBox missing from /Page, defaulting to MediaBox
2025-04-27 13:40:25,662 - WARNING - CropBox missing from /Page, defaulting to MediaBox
2025-04-27 13:40:25,662 - WARNING - CropBox missing from /Page, defaulting to MediaBox
2025-04-27 13:40:25,691 - INFO - Successfully converted: C:/Users/shr1j/Downloads/Excise Duty Act, 2058 (2002).pdf to C:/Users/shr1j/Downloads/Excise Duty Act, 2058 (2002)_structured.docx
2025-04-27 13:40:25,692 - INFO - Document statistics: {"pages_processed": 125, "sections_found": 50, "tables_found": 0, "total_pages": 125, "headings": {"title": 1, "subtitle": 2, "h1": 1, "h2": 0, "h3": 50, "h4": 23, "h5": 0}}
2025-04-27 13:40:27,712 - INFO - \u2713 Excise Duty Act, 2058 (2002).pdf - Converted successfully and verified
